<?xml version="1.0" encoding="UTF-8"?>
<!-- Generated by org.testng.reporters.JUnitXMLReporter -->
<testsuite ignored="0" hostname="QT-INBG-LT1924" failures="0" tests="3" name="Test" time="15.559" errors="0" timestamp="2022-09-19T10:18:22 IST">
  <testcase classname="mobile_automation.Sign_up" name="sign_up" time="8.031"/>
  <testcase classname="mobile_automation.Sign_in" name="sign_in" time="2.356"/>
  <testcase classname="mobile_automation.Contact_us" name="contact_us" time="5.137"/>
</testsuite> <!-- Test -->
