<?xml version="1.0" encoding="UTF-8"?>
<testng-results ignored="0" total="1" passed="1" failed="0" skipped="0">
  <reporter-output>
  </reporter-output>
  <suite started-at="2022-09-19T11:09:29 IST" name="Default suite" finished-at="2022-09-19T11:09:32 IST" duration-ms="3582">
    <groups>
    </groups>
    <test started-at="2022-09-19T11:09:29 IST" name="Default test" finished-at="2022-09-19T11:09:32 IST" duration-ms="3582">
      <class name="mobile_automation.Sign_in">
        <test-method signature="sign_in()[pri:0, instance:mobile_automation.Sign_in@4bb33f74]" started-at="2022-09-19T11:09:29 IST" name="sign_in" finished-at="2022-09-19T11:09:32 IST" duration-ms="3549" status="PASS">
          <reporter-output>
          </reporter-output>
        </test-method> <!-- sign_in -->
      </class> <!-- mobile_automation.Sign_in -->
    </test> <!-- Default test -->
  </suite> <!-- Default suite -->
</testng-results>
